Started GET "/" for 127.0.0.1 at 2024-05-13 17:49:39 +0530
Processing by PagesController#index as HTML
  Rendering layout layouts/landing-page.html.erb
  Rendering pages/index.html.erb within layouts/landing-page
  Rendered components/_hero.html.erb (Duration: 0.8ms | Allocations: 238)
  Rendered components/_two_column_with_image.html.erb (Duration: 0.6ms | Allocations: 241)
  Rendered components/_features.html.erb (Duration: 0.6ms | Allocations: 300)
  Rendered components/_two_column_with_image.html.erb (Duration: 0.1ms | Allocations: 26)
  Rendered components/_testimonials.html.erb (Duration: 0.5ms | Allocations: 268)
  Rendered pages/index.html.erb within layouts/landing-page (Duration: 5.5ms | Allocations: 2155)
  Rendered components/_browsehappy.html.erb (Duration: 0.2ms | Allocations: 104)
  Rendered components/_preloader.html.erb (Duration: 0.2ms | Allocations: 113)
  Rendered components/_header.html.erb (Duration: 0.4ms | Allocations: 259)
  Rendered components/_latest_blog_posts.html.erb (Duration: 0.9ms | Allocations: 566)
  Rendered components/_footer.html.erb (Duration: 0.4ms | Allocations: 259)
  Rendered components/_scrolltop.html.erb (Duration: 0.4ms | Allocations: 100)
  Rendered layout layouts/landing-page.html.erb (Duration: 11.0ms | Allocations: 4769)
Completed 200 OK in 1388ms (Views: 37.2ms | Allocations: 20122)


Started GET "/blog/" for 127.0.0.1 at 2024-05-13 17:51:08 +0530
Processing by BlogController#index as HTML
  Rendering layout layouts/blog.html.erb
  Rendering blog/index.html.erb within layouts/blog
  Rendered blog/_breadcrumbs.html.erb (Duration: 0.6ms | Allocations: 210)
  Rendered blog/_single_post_card.html.erb (Duration: 1.6ms | Allocations: 588)
  Rendered blog/_blog_roll_cards.html.erb (Duration: 2.3ms | Allocations: 916)
  Rendered blog/_search_widget.html.erb (Duration: 0.5ms | Allocations: 154)
  Rendered blog/_categories_widget.html.erb (Duration: 0.5ms | Allocations: 226)
  Rendered blog/index.html.erb within layouts/blog (Duration: 5.7ms | Allocations: 2200)
  Rendered components/_browsehappy.html.erb (Duration: 0.0ms | Allocations: 9)
  Rendered components/_preloader.html.erb (Duration: 0.0ms | Allocations: 9)
  Rendered components/_header.html.erb (Duration: 0.1ms | Allocations: 39)
  Rendered components/_footer.html.erb (Duration: 0.1ms | Allocations: 27)
  Rendered components/_scrolltop.html.erb (Duration: 0.0ms | Allocations: 9)
  Rendered layout layouts/blog.html.erb (Duration: 8.5ms | Allocations: 3045)
Completed 200 OK in 997ms (Views: 9.9ms | Allocations: 9748)


Started GET "/" for 127.0.0.1 at 2024-05-13 17:51:55 +0530
Processing by PagesController#index as HTML
  Rendering layout layouts/landing-page.html.erb
  Rendering pages/index.html.erb within layouts/landing-page
  Rendered components/_hero.html.erb (Duration: 0.1ms | Allocations: 25)
  Rendered components/_two_column_with_image.html.erb (Duration: 0.1ms | Allocations: 27)
  Rendered components/_features.html.erb (Duration: 0.1ms | Allocations: 49)
  Rendered components/_two_column_with_image.html.erb (Duration: 0.0ms | Allocations: 26)
  Rendered components/_testimonials.html.erb (Duration: 0.1ms | Allocations: 34)
  Rendered pages/index.html.erb within layouts/landing-page (Duration: 1.1ms | Allocations: 469)
  Rendered components/_browsehappy.html.erb (Duration: 0.0ms | Allocations: 8)
  Rendered components/_preloader.html.erb (Duration: 0.0ms | Allocations: 8)
  Rendered components/_header.html.erb (Duration: 0.1ms | Allocations: 38)
  Rendered components/_latest_blog_posts.html.erb (Duration: 0.3ms | Allocations: 126)
  Rendered components/_footer.html.erb (Duration: 0.0ms | Allocations: 26)
  Rendered components/_scrolltop.html.erb (Duration: 0.0ms | Allocations: 8)
  Rendered layout layouts/landing-page.html.erb (Duration: 3.2ms | Allocations: 1120)
Completed 200 OK in 297ms (Views: 4.1ms | Allocations: 8933)


Started GET "/" for 127.0.0.1 at 2024-05-13 17:52:04 +0530
Processing by PagesController#index as HTML
  Rendering layout layouts/landing-page.html.erb
  Rendering pages/index.html.erb within layouts/landing-page
  Rendered components/_hero.html.erb (Duration: 0.2ms | Allocations: 25)
  Rendered components/_two_column_with_image.html.erb (Duration: 0.2ms | Allocations: 27)
  Rendered components/_features.html.erb (Duration: 0.4ms | Allocations: 49)
  Rendered components/_two_column_with_image.html.erb (Duration: 0.2ms | Allocations: 26)
  Rendered components/_testimonials.html.erb (Duration: 0.2ms | Allocations: 34)
  Rendered pages/index.html.erb within layouts/landing-page (Duration: 3.7ms | Allocations: 469)
  Rendered components/_browsehappy.html.erb (Duration: 0.1ms | Allocations: 8)
  Rendered components/_preloader.html.erb (Duration: 0.1ms | Allocations: 8)
  Rendered components/_header.html.erb (Duration: 0.1ms | Allocations: 38)
  Rendered components/_latest_blog_posts.html.erb (Duration: 0.6ms | Allocations: 126)
  Rendered components/_footer.html.erb (Duration: 0.1ms | Allocations: 26)
  Rendered components/_scrolltop.html.erb (Duration: 0.1ms | Allocations: 8)
  Rendered layout layouts/landing-page.html.erb (Duration: 7.6ms | Allocations: 1119)
Completed 200 OK in 280ms (Views: 8.6ms | Allocations: 8881)


Started GET "/blog/example-post/" for 127.0.0.1 at 2024-05-13 17:52:16 +0530
Processing by BlogController#show as HTML
  Parameters: {"id"=>"example-post"}
  Rendering layout layouts/blog.html.erb
  Rendering blog/show.html.erb within layouts/blog
  Rendered blog/_breadcrumbs.html.erb (Duration: 0.2ms | Allocations: 25)
  Rendered blog/_single_post.html.erb (Duration: 2.0ms | Allocations: 453)
  Rendered blog/_search_widget.html.erb (Duration: 0.1ms | Allocations: 35)
  Rendered blog/_categories_widget.html.erb (Duration: 0.1ms | Allocations: 50)
  Rendered blog/show.html.erb within layouts/blog (Duration: 5.3ms | Allocations: 1067)
  Rendered components/_browsehappy.html.erb (Duration: 0.1ms | Allocations: 8)
  Rendered components/_preloader.html.erb (Duration: 0.0ms | Allocations: 8)
  Rendered components/_header.html.erb (Duration: 0.1ms | Allocations: 38)
  Rendered components/_footer.html.erb (Duration: 0.1ms | Allocations: 26)
  Rendered components/_scrolltop.html.erb (Duration: 0.0ms | Allocations: 8)
  Rendered layout layouts/blog.html.erb (Duration: 6.8ms | Allocations: 1536)
Completed 200 OK in 558ms (Views: 7.7ms | Allocations: 7562)


Started GET "/" for 127.0.0.1 at 2024-05-13 17:54:37 +0530
Processing by PagesController#index as HTML
  Rendering layout layouts/landing-page.html.erb
  Rendering pages/index.html.erb within layouts/landing-page
  Rendered components/_hero.html.erb (Duration: 0.3ms | Allocations: 25)
  Rendered components/_two_column_with_image.html.erb (Duration: 0.1ms | Allocations: 27)
  Rendered components/_features.html.erb (Duration: 0.1ms | Allocations: 49)
  Rendered components/_two_column_with_image.html.erb (Duration: 0.0ms | Allocations: 26)
  Rendered components/_testimonials.html.erb (Duration: 0.1ms | Allocations: 34)
  Rendered pages/index.html.erb within layouts/landing-page (Duration: 1.4ms | Allocations: 469)
  Rendered components/_browsehappy.html.erb (Duration: 0.0ms | Allocations: 8)
  Rendered components/_preloader.html.erb (Duration: 0.0ms | Allocations: 8)
  Rendered components/_header.html.erb (Duration: 0.1ms | Allocations: 38)
  Rendered components/_latest_blog_posts.html.erb (Duration: 0.5ms | Allocations: 126)
  Rendered components/_footer.html.erb (Duration: 0.1ms | Allocations: 26)
  Rendered components/_scrolltop.html.erb (Duration: 0.0ms | Allocations: 8)
  Rendered layout layouts/landing-page.html.erb (Duration: 3.3ms | Allocations: 1119)
Completed 200 OK in 579ms (Views: 4.2ms | Allocations: 8901)


Started GET "/" for 127.0.0.1 at 2024-05-13 18:03:00 +0530
Processing by PagesController#index as HTML
  Rendering layout layouts/landing-page.html.erb
  Rendering pages/index.html.erb within layouts/landing-page
  Rendered components/_hero.html.erb (Duration: 0.4ms | Allocations: 238)
  Rendered components/_two_column_with_image.html.erb (Duration: 0.4ms | Allocations: 241)
  Rendered components/_features.html.erb (Duration: 0.5ms | Allocations: 300)
  Rendered components/_two_column_with_image.html.erb (Duration: 0.0ms | Allocations: 26)
  Rendered components/_testimonials.html.erb (Duration: 0.4ms | Allocations: 268)
  Rendered pages/index.html.erb within layouts/landing-page (Duration: 3.9ms | Allocations: 2047)
  Rendered components/_browsehappy.html.erb (Duration: 0.3ms | Allocations: 104)
  Rendered components/_preloader.html.erb (Duration: 0.3ms | Allocations: 113)
  Rendered components/_header.html.erb (Duration: 0.5ms | Allocations: 259)
  Rendered components/_latest_blog_posts.html.erb (Duration: 1.3ms | Allocations: 566)
  Rendered components/_footer.html.erb (Duration: 0.7ms | Allocations: 259)
  Rendered components/_scrolltop.html.erb (Duration: 0.3ms | Allocations: 100)
  Rendered layout layouts/landing-page.html.erb (Duration: 10.6ms | Allocations: 4661)
Completed 200 OK in 481ms (Views: 17.2ms | Allocations: 15728)


Started GET "/blog/example-post/" for 127.0.0.1 at 2024-05-13 18:03:58 +0530
Processing by BlogController#show as HTML
  Parameters: {"id"=>"example-post"}
  Rendering layout layouts/blog.html.erb
  Rendering blog/show.html.erb within layouts/blog
  Rendered blog/_breadcrumbs.html.erb (Duration: 0.9ms | Allocations: 214)
  Rendered blog/_single_post.html.erb (Duration: 2.1ms | Allocations: 515)
  Rendered blog/_search_widget.html.erb (Duration: 0.4ms | Allocations: 154)
  Rendered blog/_categories_widget.html.erb (Duration: 0.5ms | Allocations: 226)
  Rendered blog/show.html.erb within layouts/blog (Duration: 6.1ms | Allocations: 1825)
  Rendered components/_browsehappy.html.erb (Duration: 0.0ms | Allocations: 9)
  Rendered components/_preloader.html.erb (Duration: 0.0ms | Allocations: 9)
  Rendered components/_header.html.erb (Duration: 0.1ms | Allocations: 39)
  Rendered components/_footer.html.erb (Duration: 0.1ms | Allocations: 27)
  Rendered components/_scrolltop.html.erb (Duration: 0.0ms | Allocations: 9)
  Rendered layout layouts/blog.html.erb (Duration: 8.8ms | Allocations: 2669)
Completed 200 OK in 1005ms (Views: 9.6ms | Allocations: 9358)


Started GET "/" for 127.0.0.1 at 2024-05-13 18:04:06 +0530
Processing by PagesController#index as HTML
  Rendering layout layouts/landing-page.html.erb
  Rendering pages/index.html.erb within layouts/landing-page
  Rendered components/_hero.html.erb (Duration: 0.1ms | Allocations: 25)
  Rendered components/_two_column_with_image.html.erb (Duration: 0.2ms | Allocations: 27)
  Rendered components/_features.html.erb (Duration: 0.2ms | Allocations: 49)
  Rendered components/_two_column_with_image.html.erb (Duration: 0.1ms | Allocations: 26)
  Rendered components/_testimonials.html.erb (Duration: 0.1ms | Allocations: 34)
  Rendered pages/index.html.erb within layouts/landing-page (Duration: 2.3ms | Allocations: 469)
  Rendered components/_browsehappy.html.erb (Duration: 0.0ms | Allocations: 8)
  Rendered components/_preloader.html.erb (Duration: 0.1ms | Allocations: 8)
  Rendered components/_header.html.erb (Duration: 0.1ms | Allocations: 38)
  Rendered components/_latest_blog_posts.html.erb (Duration: 0.4ms | Allocations: 126)
  Rendered components/_footer.html.erb (Duration: 0.1ms | Allocations: 26)
  Rendered components/_scrolltop.html.erb (Duration: 0.1ms | Allocations: 8)
  Rendered layout layouts/landing-page.html.erb (Duration: 4.9ms | Allocations: 1120)
Completed 200 OK in 727ms (Views: 5.6ms | Allocations: 9019)


Started GET "/blog/" for 127.0.0.1 at 2024-05-13 18:04:10 +0530
Processing by BlogController#index as HTML
  Rendering layout layouts/blog.html.erb
  Rendering blog/index.html.erb within layouts/blog
  Rendered blog/_breadcrumbs.html.erb (Duration: 0.1ms | Allocations: 21)
  Rendered blog/_single_post_card.html.erb (Duration: 1.3ms | Allocations: 523)
  Rendered blog/_blog_roll_cards.html.erb (Duration: 2.1ms | Allocations: 850)
  Rendered blog/_search_widget.html.erb (Duration: 0.1ms | Allocations: 35)
  Rendered blog/_categories_widget.html.erb (Duration: 0.1ms | Allocations: 50)
  Rendered blog/index.html.erb within layouts/blog (Duration: 3.6ms | Allocations: 1438)
  Rendered components/_browsehappy.html.erb (Duration: 0.0ms | Allocations: 8)
  Rendered components/_preloader.html.erb (Duration: 0.0ms | Allocations: 8)
  Rendered components/_header.html.erb (Duration: 0.1ms | Allocations: 38)
  Rendered components/_footer.html.erb (Duration: 0.0ms | Allocations: 26)
  Rendered components/_scrolltop.html.erb (Duration: 0.0ms | Allocations: 8)
  Rendered layout layouts/blog.html.erb (Duration: 4.6ms | Allocations: 1908)
Completed 200 OK in 623ms (Views: 5.1ms | Allocations: 7800)


Started GET "/" for 127.0.0.1 at 2024-06-07 18:52:15 +0530
Processing by PagesController#index as HTML
  Rendering layout layouts/landing-page.html.erb
  Rendering pages/index.html.erb within layouts/landing-page
  Rendered components/_hero.html.erb (Duration: 0.9ms | Allocations: 238)
  Rendered components/_two_column_with_image.html.erb (Duration: 0.8ms | Allocations: 241)
  Rendered components/_features.html.erb (Duration: 1.2ms | Allocations: 300)
  Rendered components/_two_column_with_image.html.erb (Duration: 0.1ms | Allocations: 26)
  Rendered components/_testimonials.html.erb (Duration: 0.8ms | Allocations: 268)
  Rendered pages/index.html.erb within layouts/landing-page (Duration: 7.7ms | Allocations: 2047)
  Rendered components/_browsehappy.html.erb (Duration: 1.0ms | Allocations: 104)
  Rendered components/_preloader.html.erb (Duration: 1.8ms | Allocations: 113)
  Rendered components/_header.html.erb (Duration: 1.0ms | Allocations: 259)
  Rendered components/_latest_blog_posts.html.erb (Duration: 1.6ms | Allocations: 566)
  Rendered components/_footer.html.erb (Duration: 0.9ms | Allocations: 259)
  Rendered components/_scrolltop.html.erb (Duration: 0.5ms | Allocations: 100)
  Rendered layout layouts/landing-page.html.erb (Duration: 19.6ms | Allocations: 4661)
Completed 200 OK in 2474ms (Views: 32.1ms | Allocations: 15729)


